build/app/outputs/mapping/release/configuration.txt
# The proguard configuration file for the following section is default_proguard_files/global/proguard-android.txt-8.3.2
# This is a configuration file for ProGuard.
# http://proguard.sourceforge.net/index.html#manual/usage.html
#
# Starting with version 2.2 of the Android plugin for Gradle, this file is distributed together with
# the plugin and unpacked at build-time. The files in $ANDROID_HOME are no longer maintained and
# will be ignored by new version of the Android plugin for Gradle.

# Optimization is turned off by default. Dex does not like code run
# through the ProGuard optimize steps (and performs some
# of these optimizations on its own).
# Note that if you want to enable optimization, you cannot just
# include optimization flags in your own project configuration file;
# instead you will need to point to the
# "proguard-android-optimize.txt" file instead of this one from your
# project.properties file.
-dontoptimize

# Preserve some attributes that may be required for reflection.
-keepattributes AnnotationDefault,
                EnclosingMethod,
                InnerClasses,
                RuntimeVisibleAnnotations,
                RuntimeVisibleParameterAnnotations,
                RuntimeVisibleTypeAnnotations,
                Signature

-keep public class com.google.vending.licensing.ILicensingService
-keep public class com.android.vending.licensing.ILicensingService
-keep public class com.google.android.vending.licensing.ILicensingService
-dontnote com.android.vending.licensing.ILicensingService
-dontnote com.google.vending.licensing.ILicensingService
-dontnote com.google.android.vending.licensing.ILicensingService

# For native methods, see https://www.guardsquare.com/manual/configuration/examples#native
-keepclasseswithmembernames,includedescriptorclasses class * {
    native <methods>;
}

# Keep setters in Views so that animations can still work.
-keepclassmembers public class * extends android.view.View {
    void set*(***);
    *** get*();
}

# We want to keep methods in Activity that could be used in the XML attribute onClick.
-keepclassmembers class * extends android.app.Activity {
    public void *(android.view.View);
}

# For enumeration classes, see https://www.guardsquare.com/manual/configuration/examples#enumerations
-keepclassmembers enum * {
    public static **[] values();
    public static ** valueOf(java.lang.String);
}

-keepclassmembers class * implements android.os.Parcelable {
    public static final ** CREATOR;
}

# Preserve annotated Javascript interface methods.
-keepclassmembers class * {
    @android.webkit.JavascriptInterface <methods>;
}

# The support libraries contains references to newer platform versions.
# Don't warn about those in case this app is linking against an older
# platform version. We know about them, and they are safe.
-dontnote android.support.**
-dontnote androidx.**
-dontwarn android.support.**
-dontwarn androidx.**

# Understand the @Keep support annotation.
-keep class android.support.annotation.Keep

-keep @android.support.annotation.Keep class * {*;}

-keepclasseswithmembers class * {
    @android.support.annotation.Keep <methods>;
}

-keepclasseswithmembers class * {
    @android.support.annotation.Keep <fields>;
}

-keepclasseswithmembers class * {
    @android.support.annotation.Keep <init>(...);
}

# These classes are duplicated between android.jar and org.apache.http.legacy.jar.
-dontnote org.apache.http.**
-dontnote android.net.http.**

# These classes are duplicated between android.jar and core-lambda-stubs.jar.
-dontnote java.lang.invoke.**

# End of content from default_proguard_files/global/proguard-android.txt-8.3.2
# The proguard configuration file for the following section is flutter_tools/gradle/flutter_proguard_rules.pro
# Build the ephemeral app in a module project.
# Prevents: Warning: library class <plugin-package> depends on program class io.flutter.plugin.**
# This is due to plugins (libraries) depending on the embedding (the program jar)
-dontwarn io.flutter.plugin.**

# The android.** package is provided by the OS at runtime.
-dontwarn android.**

# End of content from flutter_tools/gradle/flutter_proguard_rules.pro
# The proguard configuration file for the following section is android/app/proguard-rules.pro
-keepattributes *Annotation*
-dontwarn com.razorpay.**
-keep class com.razorpay.** {*;}
-optimizations !method/inlining/
-keepclasseswithmembers class * {
  public void onPayment*(...);
}
-dontwarn com.stripe.android.pushProvisioning.PushProvisioningActivity$g
-dontwarn com.stripe.android.pushProvisioning.PushProvisioningActivityStarter$Args
-dontwarn com.stripe.android.pushProvisioning.PushProvisioningActivityStarter$Error
-dontwarn com.stripe.android.pushProvisioning.PushProvisioningActivityStarter
-dontwarn com.stripe.android.pushProvisioning.PushProvisioningEphemeralKeyProvider
# End of content from android/app/proguard-rules.pro
# The proguard configuration file for the following section is release/processReleaseResources/aapt_rules.txt
-keep class android.app.Application { <init>(); }
-keep class androidx.core.app.CoreComponentFactory { <init>(); }
-keep class androidx.credentials.playservices.CredentialProviderMetadataHolder { <init>(); }
-keep class androidx.credentials.playservices.HiddenActivity { <init>(); }
-keep class androidx.profileinstaller.ProfileInstallReceiver { <init>(); }
-keep class androidx.startup.InitializationProvider { <init>(); }
-keep class co.paystack.flutterpaystack.AuthActivity { <init>(); }
-keep class com.baseflow.geolocator.GeolocatorLocationService { <init>(); }
-keep class com.classic.userpetcare.MainActivity { <init>(); }
-keep class com.google.android.datatransport.runtime.backends.TransportBackendDiscovery { <init>(); }
-keep class com.google.android.datatransport.runtime.scheduling.jobscheduling.AlarmManagerSchedulerBroadcastReceiver { <init>(); }
-keep class com.google.android.datatransport.runtime.scheduling.jobscheduling.JobInfoSchedulerService { <init>(); }
-keep class com.google.android.gms.auth.api.signin.RevocationBoundService { <init>(); }
-keep class com.google.android.gms.auth.api.signin.internal.SignInHubActivity { <init>(); }
-keep class com.google.android.gms.common.api.GoogleApiActivity { <init>(); }
-keep class com.google.android.gms.measurement.AppMeasurementJobService { <init>(); }
-keep class com.google.android.gms.measurement.AppMeasurementReceiver { <init>(); }
-keep class com.google.android.gms.measurement.AppMeasurementService { <init>(); }
-keep class com.google.android.gms.metadata.ModuleDependencies { <init>(); }
-keep class com.google.android.play.core.common.PlayCoreDialogWrapperActivity { <init>(); }
-keep class com.google.firebase.auth.internal.GenericIdpActivity { <init>(); }
-keep class com.google.firebase.auth.internal.RecaptchaActivity { <init>(); }
-keep class com.google.firebase.components.ComponentDiscoveryService { <init>(); }
-keep class com.google.firebase.iid.FirebaseInstanceIdReceiver { <init>(); }
-keep class com.google.firebase.messaging.FirebaseMessagingService { <init>(); }
-keep class com.google.firebase.provider.FirebaseInitProvider { <init>(); }
-keep class com.google.firebase.sessions.SessionLifecycleService { <init>(); }
-keep class com.journeyapps.barcodescanner.CaptureActivity { <init>(); }
-keep class com.midtrans.raygun.RaygunPostService { <init>(); }
-keep class com.midtrans.sdk.uikit.activities.PaymentMethodsActivity { <init>(); }
-keep class com.midtrans.sdk.uikit.activities.UserDetailsActivity { <init>(); }
-keep class com.midtrans.sdk.uikit.views.akulaku.AkulakuActivity { <init>(); }
-keep class com.midtrans.sdk.uikit.views.alfamart.payment.AlfamartPaymentActivity { <init>(); }
-keep class com.midtrans.sdk.uikit.views.alfamart.status.AlfamartStatusActivity { <init>(); }
-keep class com.midtrans.sdk.uikit.views.banktransfer.list.BankTransferListActivity { <init>(); }
-keep class com.midtrans.sdk.uikit.views.banktransfer.payment.BankTransferPaymentActivity { <init>(); }
-keep class com.midtrans.sdk.uikit.views.banktransfer.status.MandiriBillStatusActivity { <init>(); }
-keep class com.midtrans.sdk.uikit.views.banktransfer.status.VaOtherBankPaymentStatusActivity { <init>(); }
-keep class com.midtrans.sdk.uikit.views.banktransfer.status.VaPaymentStatusActivity { <init>(); }
-keep class com.midtrans.sdk.uikit.views.bca_klikbca.payment.KlikBcaPaymentActivity { <init>(); }
-keep class com.midtrans.sdk.uikit.views.bca_klikbca.status.KlikBcaStatusActivity { <init>(); }
-keep class com.midtrans.sdk.uikit.views.bca_klikpay.BcaKlikPayPaymentActivity { <init>(); }
-keep class com.midtrans.sdk.uikit.views.bri_epay.BriEpayPaymentActivity { <init>(); }
-keep class com.midtrans.sdk.uikit.views.cimb_click.CimbClickPaymentActivity { <init>(); }
-keep class com.midtrans.sdk.uikit.views.creditcard.bankpoints.BankPointsActivity { <init>(); }
-keep class com.midtrans.sdk.uikit.views.creditcard.details.CreditCardDetailsActivity { <init>(); }
-keep class com.midtrans.sdk.uikit.views.creditcard.register.CardRegistrationActivity { <init>(); }
-keep class com.midtrans.sdk.uikit.views.creditcard.saved.SavedCreditCardActivity { <init>(); }
-keep class com.midtrans.sdk.uikit.views.creditcard.tnc.TermsAndConditionsActivity { <init>(); }
-keep class com.midtrans.sdk.uikit.views.danamon_online.DanamonOnlineActivity { <init>(); }
-keep class com.midtrans.sdk.uikit.views.gci.GciPaymentActivity { <init>(); }
-keep class com.midtrans.sdk.uikit.views.gopay.payment.GoPayPaymentActivity { <init>(); }
-keep class com.midtrans.sdk.uikit.views.gopay.status.GoPayStatusActivity { <init>(); }
-keep class com.midtrans.sdk.uikit.views.indomaret.payment.IndomaretPaymentActivity { <init>(); }
-keep class com.midtrans.sdk.uikit.views.indomaret.status.IndomaretStatusActivity { <init>(); }
-keep class com.midtrans.sdk.uikit.views.indosat_dompetku.IndosatDompetkuPaymentActivity { <init>(); }
-keep class com.midtrans.sdk.uikit.views.kioson.payment.KiosonPaymentActivity { <init>(); }
-keep class com.midtrans.sdk.uikit.views.kioson.status.KiosonStatusActivity { <init>(); }
-keep class com.midtrans.sdk.uikit.views.mandiri_clickpay.MandiriClickPayActivity { <init>(); }
-keep class com.midtrans.sdk.uikit.views.mandiri_ecash.MandiriEcashPaymentActivity { <init>(); }
-keep class com.midtrans.sdk.uikit.views.shopeepay.payment.ShopeePayPaymentActivity { <init>(); }
-keep class com.midtrans.sdk.uikit.views.shopeepay.status.ShopeePayStatusActivity { <init>(); }
-keep class com.midtrans.sdk.uikit.views.status.PaymentStatusActivity { <init>(); }
-keep class com.midtrans.sdk.uikit.views.telkomsel_cash.TelkomselCashPaymentActivity { <init>(); }
-keep class com.midtrans.sdk.uikit.views.uob.UobListActivity { <init>(); }
-keep class com.midtrans.sdk.uikit.views.uob.app.UobAppPaymentActivity { <init>(); }
-keep class com.midtrans.sdk.uikit.views.uob.web.UobWebPaymentActivity { <init>(); }
-keep class com.midtrans.sdk.uikit.views.webview.WebViewPaymentActivity { <init>(); }
-keep class com.midtrans.sdk.uikit.views.xl_tunai.XlTunaiInstructionActivity { <init>(); }
-keep class com.midtrans.sdk.uikit.views.xl_tunai.payment.XlTunaiPaymentActivity { <init>(); }
-keep class com.midtrans.sdk.uikit.views.xl_tunai.status.XlTunaiStatusActivity { <init>(); }
-keep class com.phonepe.intent.sdk.ui.B2BPGActivity { <init>(); }
-keep class com.phonepe.intent.sdk.ui.OpenIntentTransactionActivity { <init>(); }
-keep class com.phonepe.intent.sdk.ui.PreCacheService { <init>(); }
-keep class com.phonepe.intent.sdk.ui.TransactionActivity { <init>(); }
-keep class com.phonepe.intent.sdk.ui.UpiAppsSelectionDialogActivity { <init>(); }
-keep class com.pichillilorenzo.flutter_inappwebview_android.chrome_custom_tabs.ActionBroadcastReceiver { <init>(); }
-keep class com.pichillilorenzo.flutter_inappwebview_android.chrome_custom_tabs.ChromeCustomTabsActivity { <init>(); }
-keep class com.pichillilorenzo.flutter_inappwebview_android.chrome_custom_tabs.ChromeCustomTabsActivitySingleInstance { <init>(); }
-keep class com.pichillilorenzo.flutter_inappwebview_android.chrome_custom_tabs.TrustedWebActivity { <init>(); }
-keep class com.pichillilorenzo.flutter_inappwebview_android.chrome_custom_tabs.TrustedWebActivitySingleInstance { <init>(); }
-keep class com.pichillilorenzo.flutter_inappwebview_android.in_app_browser.InAppBrowserActivity { <init>(); }
-keep class com.razorpay.CheckoutActivity { <init>(); }
-keep class com.razorpay.DeeplinkActivity { <init>(); }
-keep class com.razorpay.MagicXActivity { <init>(); }
-keep class com.stripe.android.customersheet.CustomerSheetActivity { <init>(); }
-keep class com.stripe.android.financialconnections.FinancialConnectionsSheetActivity { <init>(); }
-keep class com.stripe.android.financialconnections.FinancialConnectionsSheetRedirectActivity { <init>(); }
-keep class com.stripe.android.financialconnections.ui.FinancialConnectionsSheetNativeActivity { <init>(); }
-keep class com.stripe.android.googlepaylauncher.GooglePayLauncherActivity { <init>(); }
-keep class com.stripe.android.googlepaylauncher.GooglePayPaymentMethodLauncherActivity { <init>(); }
-keep class com.stripe.android.link.LinkForegroundActivity { <init>(); }
-keep class com.stripe.android.link.LinkRedirectHandlerActivity { <init>(); }
-keep class com.stripe.android.payments.StripeBrowserLauncherActivity { <init>(); }
-keep class com.stripe.android.payments.StripeBrowserProxyReturnActivity { <init>(); }
-keep class com.stripe.android.payments.bankaccount.ui.CollectBankAccountActivity { <init>(); }
-keep class com.stripe.android.payments.core.authentication.threeds2.Stripe3ds2TransactionActivity { <init>(); }
-keep class com.stripe.android.payments.paymentlauncher.PaymentLauncherConfirmationActivity { <init>(); }
-keep class com.stripe.android.paymentsheet.ExternalPaymentMethodProxyActivity { <init>(); }
-keep class com.stripe.android.paymentsheet.PaymentOptionsActivity { <init>(); }
-keep class com.stripe.android.paymentsheet.PaymentSheetActivity { <init>(); }
-keep class com.stripe.android.paymentsheet.addresselement.AddressElementActivity { <init>(); }
-keep class com.stripe.android.paymentsheet.paymentdatacollection.bacs.BacsMandateConfirmationActivity { <init>(); }
-keep class com.stripe.android.paymentsheet.paymentdatacollection.cvcrecollection.CvcRecollectionActivity { <init>(); }
-keep class com.stripe.android.paymentsheet.paymentdatacollection.polling.PollingActivity { <init>(); }
-keep class com.stripe.android.paymentsheet.ui.SepaMandateActivity { <init>(); }
-keep class com.stripe.android.stripe3ds2.views.ChallengeActivity { <init>(); }
-keep class com.stripe.android.ui.core.cardscan.CardScanActivity { <init>(); }
-keep class com.stripe.android.view.AddPaymentMethodActivity { <init>(); }
-keep class com.stripe.android.view.PaymentAuthWebViewActivity { <init>(); }
-keep class com.stripe.android.view.PaymentFlowActivity { <init>(); }
-keep class com.stripe.android.view.PaymentMethodsActivity { <init>(); }
-keep class com.stripe.android.view.PaymentRelayActivity { <init>(); }
-keep class dev.fluttercommunity.plus.share.ShareFileProvider { <init>(); }
-keep class dev.fluttercommunity.plus.share.SharePlusPendingIntent { <init>(); }
-keep class io.flutter.plugins.firebase.messaging.FlutterFirebaseMessagingBackgroundService { <init>(); }
-keep class io.flutter.plugins.firebase.messaging.FlutterFirebaseMessagingInitProvider { <init>(); }
-keep class io.flutter.plugins.firebase.messaging.FlutterFirebaseMessagingReceiver { <init>(); }
-keep class io.flutter.plugins.firebase.messaging.FlutterFirebaseMessagingService { <init>(); }
-keep class io.flutter.plugins.imagepicker.ImagePickerFileProvider { <init>(); }
-keep class io.flutter.plugins.urllauncher.WebViewActivity { <init>(); }
-keep class android.widget.SearchView { <init>(android.content.Context); }

-keep class android.widget.Space { <init>(android.content.Context, android.util.AttributeSet); }

-keep class androidx.appcompat.app.AlertController$RecycleListView { <init>(android.content.Context, android.util.AttributeSet); }

-keep class androidx.appcompat.view.menu.ActionMenuItemView { <init>(android.content.Context, android.util.AttributeSet); }

-keep class androidx.appcompat.view.menu.ExpandedMenuView { <init>(android.content.Context, android.util.AttributeSet); }

-keep class androidx.appcompat.view.menu.ListMenuItemView { <init>(android.content.Context, android.util.AttributeSet); }

-keep class androidx.appcompat.widget.ActionBarContainer { <init>(android.content.Context, android.util.AttributeSet); }

-keep class androidx.appcompat.widget.ActionBarContextView { <init>(android.content.Context, android.util.AttributeSet); }

-keep class androidx.appcompat.widget.ActionBarOverlayLayout { <init>(android.content.Context, android.util.AttributeSet); }

-keep class androidx.appcompat.widget.ActionMenuView { <init>(android.content.Context, android.util.AttributeSet); }

-keep class androidx.appcompat.widget.ActivityChooserView$InnerLayout { <init>(android.content.Context, android.util.AttributeSet); }

-keep class androidx.appcompat.widget.AlertDialogLayout { <init>(android.content.Context, android.util.AttributeSet); }

-keep class androidx.appcompat.widget.AppCompatAutoCompleteTextView { <init>(android.content.Context, android.util.AttributeSet); }

-keep class androidx.appcompat.widget.AppCompatButton { <init>(android.content.Context, android.util.AttributeSet); }

-keep class androidx.appcompat.widget.AppCompatCheckBox { <init>(android.content.Context, android.util.AttributeSet); }

-keep class androidx.appcompat.widget.AppCompatEditText { <init>(android.content.Context, android.util.AttributeSet); }

-keep class androidx.appcompat.widget.AppCompatImageView { <init>(android.content.Context, android.util.AttributeSet); }

-keep class androidx.appcompat.widget.AppCompatTextView { <init>(android.content.Context, android.util.AttributeSet); }

-keep class androidx.appcompat.widget.ButtonBarLayout { <init>(android.content.Context, android.util.AttributeSet); }

-keep class androidx.appcompat.widget.ContentFrameLayout { <init>(android.content.Context, android.util.AttributeSet); }

-keep class androidx.appcompat.widget.DialogTitle { <init>(android.content.Context, android.util.AttributeSet); }

-keep class androidx.appcompat.widget.FitWindowsFrameLayout { <init>(android.content.Context, android.util.AttributeSet); }

-keep class androidx.appcompat.widget.FitWindowsLinearLayout { <init>(android.content.Context, android.util.AttributeSet); }

-keep class androidx.appcompat.widget.SearchView$SearchAutoComplete { <init>(android.content.Context, android.util.AttributeSet); }

-keep class androidx.appcompat.widget.SwitchCompat { <init>(android.content.Context, android.util.AttributeSet); }

-keep class androidx.appcompat.widget.Toolbar { <init>(android.content.Context, android.util.AttributeSet); }

-keep class androidx.appcompat.widget.ViewStubCompat { <init>(android.content.Context, android.util.AttributeSet); }

-keep class androidx.browser.browseractions.BrowserActionsFallbackMenuView { <init>(android.content.Context, android.util.AttributeSet); }

-keep class androidx.cardview.widget.CardView { <init>(android.content.Context, android.util.AttributeSet); }

-keep class androidx.compose.ui.platform.ComposeView { <init>(android.content.Context, android.util.AttributeSet); }

-keep class androidx.constraintlayout.helper.widget.Flow { <init>(android.content.Context, android.util.AttributeSet); }

-keep class androidx.constraintlayout.widget.ConstraintLayout { <init>(android.content.Context, android.util.AttributeSet); }

-keep class androidx.coordinatorlayout.widget.CoordinatorLayout { <init>(android.content.Context, android.util.AttributeSet); }

-keep class androidx.core.widget.NestedScrollView { <init>(android.content.Context, android.util.AttributeSet); }

-keep class androidx.fragment.app.FragmentContainerView { <init>(android.content.Context, android.util.AttributeSet); }