build/app/outputs/mapping/release/seeds.txt
com.classic.userpetcare.MainActivity
com.classic.userpetcare.MainActivity: MainActivity()
...
com.google.android.material.color.DynamicColors: void applyToActivitiesIfAvailable(android.app.Application)
com.google.android.material.chip.Chip: void setCheckedIconVisible(int)
com.google.android.gms.internal.firebase-auth-api.zzjp: com.google.android.gms.internal.firebase-auth-api.zzjp$zze zzf()
androidx.appcompat.widget.ActionBarContainer: void setTransitioning(boolean)
com.google.android.gms.internal.measurement.zzfw$zza: zzfw$zza()
com.google.android.material.search.SearchView: void setTransitionState(com.google.android.material.search.SearchView$TransitionState)
com.dexterous.flutterlocalnotifications.FlutterLocalNotificationsPlugin: void zonedSchedule(io.flutter.plugin.common.MethodCall,io.flutter.plugin.common.MethodChannel$Result)
com.google.android.gms.internal.measurement.zzfw$zza$zza: com.google.android.gms.internal.measurement.zzfw$zze zzb(int)
io.flutter.view.AccessibilityBridge$Flag: io.flutter.view.AccessibilityBridge$Flag valueOf(java.lang.String)
androidx.compose.ui.node.ComposeUiNode$Companion$SetResolvedCompositionLocals$1: ComposeUiNode$Companion$SetResolvedCompositionLocals$1()
com.google.android.material.tabs.TabLayout: void setTabIndicatorAnimationMode(int)
com.google.android.gms.internal.firebase-auth-api.zzaej: void zza(com.google.android.gms.internal.firebase-auth-api.zzagw,com.google.android.gms.internal.firebase-auth-api.zzael)
com.google.android.material.textfield.TextInputLayout: int getLabelLeftBoundAlignedWithPrefixAndSuffix(int,boolean)
com.google.android.material.carousel.HeroCarouselStrategy: boolean shouldRefreshKeylineState(com.google.android.material.carousel.Carousel,int)
com.google.android.gms.internal.firebase-auth-api.zzfh: com.google.android.gms.internal.firebase-auth-api.zzft zzg()
com.google.android.gms.internal.firebase-auth-api.zzvk: com.google.android.gms.internal.firebase-auth-api.zzaip zze()
com.razorpay.CheckoutPresenterImpl: void executeWebViewCallback(int,com.razorpay.CheckoutBridge$WebViewSafeCheckCallback)
com.google.android.material.floatingactionbutton.FloatingActionButton: void setEnsureMinTouchTargetSize(boolean)
com.google.android.material.slider.BaseSlider: android.animation.ValueAnimator createLabelAnimator(boolean)
com.google.android.gms.internal.measurement.zzed: java.lang.Long zzc()
com.pichillilorenzo.flutter_inappwebview_android.MyWebStorage: MyWebStorage(com.pichillilorenzo.flutter_inappwebview_android.InAppWebViewFlutterPlugin)
com.pichillilorenzo.flutter_inappwebview_android.webview.WebViewChannelDelegate: void onOverScrolled(int,int,boolean,boolean)
com.google.android.material.slider.BaseSlider: int getActiveThumbIndex()
com.google.android.gms.common.internal.BaseGmsClient: java.lang.String getStartServicePackage()
com.midtrans.sdk.uikit.widgets.FancyButton: void setRadius(int)
com.google.android.gms.internal.auth.zzgk: java.lang.Object zzc(java.lang.Object,int,int,java.lang.Object,com.google.android.gms.internal.auth.zzgz)
com.google.android.gms.internal.measurement.zznt: java.lang.String zzbf()
com.google.android.gms.internal.firebase-auth-api.zzju$zzb: java.lang.String toString()
com.razorpay.OpinionatedSoln: OpinionatedSoln()
com.pichillilorenzo.flutter_inappwebview_android.types.DownloadStartRequest: void setContentLength(long)
androidx.appcompat.view.menu.SubMenuBuilder: boolean isGroupDividerEnabled()
com.google.android.gms.internal.firebase-auth-api.zzanf: void zza(int,float)
androidx.core.view.WindowInsetsCompat$Impl21: androidx.core.view.WindowInsetsCompat consumeSystemWindowInsets()
com.google.android.material.internal.WindowUtils$Api30Impl: android.graphics.Rect getCurrentWindowBounds(android.view.WindowManager)
androidx.transition.Transition: androidx.transition.Transition addTarget(java.lang.Class)
com.google.android.recaptcha.RecaptchaErrorCode: com.google.android.recaptcha.RecaptchaErrorCode[] values()
com.google.android.gms.internal.firebase-auth-api.zznt: zznt(com.google.android.gms.internal.firebase-auth-api.zzns)