build/app/outputs/mapping/release/usage.txt
com.classic.userpetcare.R$color
com.classic.userpetcare.R$drawable
com.classic.userpetcare.R$mipmap
com.classic.userpetcare.R$string
com.classic.userpetcare.R$style
com.classic.userpetcare.R
...
kotlinx.coroutines.CompletableDeferredKt:
    public static final kotlinx.coroutines.CompletableDeferred CompletableDeferred(java.lang.Object)
kotlinx.coroutines.CompletableJob$DefaultImpls
kotlinx.coroutines.CompletableJob:
    public abstract boolean complete()
kotlinx.coroutines.CompletedContinuation:
    public final java.lang.Object component1()
    public final kotlinx.coroutines.CancelHandler component2()
    public final kotlin.jvm.functions.Function1 component3()
    public final java.lang.Object component4()
    public final java.lang.Throwable component5()
kotlinx.coroutines.CompletedWithCancellation:
    public final java.lang.Object component1()
    public final kotlin.jvm.functions.Function1 component2()
    public final kotlinx.coroutines.CompletedWithCancellation copy(java.lang.Object,kotlin.jvm.functions.Function1)
    public static synthetic kotlinx.coroutines.CompletedWithCancellation copy$default(kotlinx.coroutines.CompletedWithCancellation,java.lang.Object,kotlin.jvm.functions.Function1,int,java.lang.Object)
kotlinx.coroutines.CompletionHandlerKt
kotlinx.coroutines.CompletionHandler_commonKt
kotlinx.coroutines.CopyableThreadContextElement$DefaultImpls
kotlinx.coroutines.CoroutineContextKt:
    private static final java.lang.String DEBUG_THREAD_NAME_SEPARATOR
    public static final java.lang.Object withContinuationContext(kotlin.coroutines.Continuation,java.lang.Object,kotlin.jvm.functions.Function0)
    public static final java.lang.Object withCoroutineContext(kotlin.coroutines.CoroutineContext,java.lang.Object,kotlin.jvm.functions.Function0)
kotlinx.coroutines.CoroutineDispatcher:
    public final kotlinx.coroutines.CoroutineDispatcher plus(kotlinx.coroutines.CoroutineDispatcher)
kotlinx.coroutines.CoroutineExceptionHandler$DefaultImpls
kotlinx.coroutines.CoroutineExceptionHandlerKt$CoroutineExceptionHandler$1
kotlinx.coroutines.CoroutineExceptionHandlerKt:
    public static final kotlinx.coroutines.CoroutineExceptionHandler CoroutineExceptionHandler(kotlin.jvm.functions.Function2)
kotlinx.coroutines.CoroutineId:
    public final long component1()
    public final kotlinx.coroutines.CoroutineId copy(long)
    public static synthetic kotlinx.coroutines.CoroutineId copy$default(kotlinx.coroutines.CoroutineId,long,int,java.lang.Object)
kotlinx.coroutines.CoroutineName:
    private final java.lang.String name
    public void <init>(java.lang.String)
    public final java.lang.String component1()
    public final kotlinx.coroutines.CoroutineName copy(java.lang.String)
    public static synthetic kotlinx.coroutines.CoroutineName copy$default(kotlinx.coroutines.CoroutineName,java.lang.String,int,java.lang.Object)
    public boolean equals(java.lang.Object)
    public int hashCode()
    public java.lang.String toString()
kotlinx.coroutines.CoroutineScopeKt:
    public static final void cancel(kotlinx.coroutines.CoroutineScope,java.lang.String,java.lang.Throwable)
    public static synthetic void cancel$default(kotlinx.coroutines.CoroutineScope,java.lang.String,java.lang.Throwable,int,java.lang.Object)
    public static final java.lang.Object currentCoroutineContext(kotlin.coroutines.Continuation)
    private static final java.lang.Object currentCoroutineContext$$forInline(kotlin.coroutines.Continuation)
    public static synthetic void isActive$annotations(kotlinx.coroutines.CoroutineScope)
    public static final kotlinx.coroutines.CoroutineScope plus(kotlinx.coroutines.CoroutineScope,kotlin.coroutines.CoroutineContext)
kotlinx.coroutines.CoroutineStart:
    public final void invoke(kotlin.jvm.functions.Function1,kotlin.coroutines.Continuation)
    public static synthetic void isLazy$annotations()